<?xml version="1.0" encoding="UTF-8"?>
<!-- Generated by org.testng.reporters.JUnitReportReporter -->
<testsuite skipped="0" hostname="LAPTOP-8PV5OBQH" name="tests.firsttext" tests="1" failures="0" timestamp="2022-08-31T13:53:50 IST" time="85.855" errors="0">
  <testcase name="fistpage" time="85.855" classname="tests.firsttext"/>
  <system-out/>
</testsuite> <!-- tests.firsttext -->
